{"/Users/anasim/Desktop/Asif/namaste-react/src/Assignment06/components/Body.js": {"path":"/Users/anasim/Desktop/Asif/namaste-react/src/Assignment06/components/Body.js","statementMap":{"0":{"start":{"line":9,"column":13},"end":{"line":115,"column":1}},"1":{"start":{"line":10,"column":36},"end":{"line":10,"column":48}},"2":{"start":{"line":11,"column":44},"end":{"line":11,"column":56}},"3":{"start":{"line":12,"column":32},"end":{"line":12,"column":47}},"4":{"start":{"line":13,"column":30},"end":{"line":13,"column":44}},"5":{"start":{"line":14,"column":32},"end":{"line":14,"column":44}},"6":{"start":{"line":16,"column":21},"end":{"line":16,"column":38}},"7":{"start":{"line":18,"column":35},"end":{"line":18,"column":64}},"8":{"start":{"line":36,"column":4},"end":{"line":53,"column":10}},"9":{"start":{"line":37,"column":26},"end":{"line":50,"column":9}},"10":{"start":{"line":38,"column":12},"end":{"line":38,"column":28}},"11":{"start":{"line":39,"column":12},"end":{"line":49,"column":13}},"12":{"start":{"line":40,"column":33},"end":{"line":40,"column":184}},"13":{"start":{"line":41,"column":16},"end":{"line":41,"column":80}},"14":{"start":{"line":41,"column":34},"end":{"line":41,"column":80}},"15":{"start":{"line":42,"column":29},"end":{"line":42,"column":50}},"16":{"start":{"line":43,"column":16},"end":{"line":43,"column":51}},"17":{"start":{"line":44,"column":16},"end":{"line":44,"column":97}},"18":{"start":{"line":45,"column":16},"end":{"line":45,"column":101}},"19":{"start":{"line":48,"column":16},"end":{"line":48,"column":40}},"20":{"start":{"line":51,"column":4},"end":{"line":51,"column":16}},"21":{"start":{"line":55,"column":4},"end":{"line":55,"column":111}},"22":{"start":{"line":55,"column":27},"end":{"line":55,"column":111}},"23":{"start":{"line":59,"column":4},"end":{"line":113,"column":5}},"24":{"start":{"line":65,"column":16},"end":{"line":65,"column":42}},"25":{"start":{"line":66,"column":16},"end":{"line":66,"column":35}},"26":{"start":{"line":71,"column":37},"end":{"line":71,"column":125}},"27":{"start":{"line":71,"column":63},"end":{"line":71,"column":124}},"28":{"start":{"line":72,"column":16},"end":{"line":72,"column":46}},"29":{"start":{"line":78,"column":36},"end":{"line":81,"column":18}},"30":{"start":{"line":80,"column":20},"end":{"line":80,"column":55}},"31":{"start":{"line":83,"column":16},"end":{"line":83,"column":61}},"32":{"start":{"line":84,"column":16},"end":{"line":84,"column":45}},"33":{"start":{"line":89,"column":36},"end":{"line":92,"column":18}},"34":{"start":{"line":91,"column":20},"end":{"line":91,"column":55}},"35":{"start":{"line":95,"column":16},"end":{"line":95,"column":45}},"36":{"start":{"line":102,"column":27},"end":{"line":107,"column":35}}},"fnMap":{"0":{"name":"(anonymous_0)","decl":{"start":{"line":9,"column":13},"end":{"line":9,"column":14}},"loc":{"start":{"line":9,"column":19},"end":{"line":115,"column":1}},"line":9},"1":{"name":"(anonymous_1)","decl":{"start":{"line":36,"column":14},"end":{"line":36,"column":15}},"loc":{"start":{"line":36,"column":18},"end":{"line":53,"column":5}},"line":36},"2":{"name":"(anonymous_2)","decl":{"start":{"line":37,"column":26},"end":{"line":37,"column":27}},"loc":{"start":{"line":37,"column":38},"end":{"line":50,"column":9}},"line":37},"3":{"name":"(anonymous_3)","decl":{"start":{"line":64,"column":60},"end":{"line":64,"column":61}},"loc":{"start":{"line":64,"column":67},"end":{"line":67,"column":13}},"line":64},"4":{"name":"(anonymous_4)","decl":{"start":{"line":69,"column":71},"end":{"line":69,"column":72}},"loc":{"start":{"line":69,"column":77},"end":{"line":73,"column":13}},"line":69},"5":{"name":"(anonymous_5)","decl":{"start":{"line":71,"column":53},"end":{"line":71,"column":54}},"loc":{"start":{"line":71,"column":63},"end":{"line":71,"column":124}},"line":71},"6":{"name":"(anonymous_6)","decl":{"start":{"line":77,"column":22},"end":{"line":77,"column":23}},"loc":{"start":{"line":77,"column":28},"end":{"line":85,"column":13}},"line":77},"7":{"name":"(anonymous_7)","decl":{"start":{"line":78,"column":53},"end":{"line":78,"column":54}},"loc":{"start":{"line":78,"column":63},"end":{"line":81,"column":17}},"line":78},"8":{"name":"(anonymous_8)","decl":{"start":{"line":88,"column":71},"end":{"line":88,"column":72}},"loc":{"start":{"line":88,"column":77},"end":{"line":96,"column":13}},"line":88},"9":{"name":"(anonymous_9)","decl":{"start":{"line":89,"column":53},"end":{"line":89,"column":54}},"loc":{"start":{"line":89,"column":63},"end":{"line":92,"column":17}},"line":89},"10":{"name":"(anonymous_10)","decl":{"start":{"line":101,"column":42},"end":{"line":101,"column":43}},"loc":{"start":{"line":101,"column":50},"end":{"line":109,"column":25}},"line":101}},"branchMap":{"0":{"loc":{"start":{"line":41,"column":16},"end":{"line":41,"column":80}},"type":"if","locations":[{"start":{"line":41,"column":16},"end":{"line":41,"column":80}},{"start":{},"end":{}}],"line":41},"1":{"loc":{"start":{"line":55,"column":4},"end":{"line":55,"column":111}},"type":"if","locations":[{"start":{"line":55,"column":4},"end":{"line":55,"column":111}},{"start":{},"end":{}}],"line":55},"2":{"loc":{"start":{"line":59,"column":11},"end":{"line":113,"column":5}},"type":"cond-expr","locations":[{"start":{"line":59,"column":35},"end":{"line":59,"column":57}},{"start":{"line":60,"column":8},"end":{"line":112,"column":14}}],"line":59},"3":{"loc":{"start":{"line":103,"column":34},"end":{"line":105,"column":67}},"type":"cond-expr","locations":[{"start":{"line":104,"column":35},"end":{"line":104,"column":76}},{"start":{"line":105,"column":34},"end":{"line":105,"column":65}}],"line":103}},"s":{"0":1,"1":6,"2":6,"3":6,"4":6,"5":6,"6":6,"7":6,"8":6,"9":2,"10":2,"11":2,"12":2,"13":2,"14":2,"15":0,"16":0,"17":0,"18":0,"19":2,"20":2,"21":6,"22":0,"23":6,"24":0,"25":0,"26":0,"27":0,"28":0,"29":0,"30":0,"31":0,"32":0,"33":0,"34":0,"35":0,"36":0},"f":{"0":6,"1":2,"2":2,"3":0,"4":0,"5":0,"6":0,"7":0,"8":0,"9":0,"10":0},"b":{"0":[2,0],"1":[0,6],"2":[6,0],"3":[0,0]},"_coverageSchema":"1a1c01bbd47fc00a2c39e90264f33305004495a9","hash":"d6d05f3c80530d37e27bf13a90a6d7f8a334523f"}
,"/Users/anasim/Desktop/Asif/namaste-react/src/Assignment06/components/Headers.js": {"path":"/Users/anasim/Desktop/Asif/namaste-react/src/Assignment06/components/Headers.js","statementMap":{"0":{"start":{"line":4,"column":16},"end":{"line":42,"column":1}},"1":{"start":{"line":5,"column":21},"end":{"line":5,"column":38}},"2":{"start":{"line":9,"column":22},"end":{"line":9,"column":62}},"3":{"start":{"line":9,"column":45},"end":{"line":9,"column":61}},"4":{"start":{"line":11,"column":4},"end":{"line":41,"column":5}}},"fnMap":{"0":{"name":"(anonymous_0)","decl":{"start":{"line":4,"column":16},"end":{"line":4,"column":17}},"loc":{"start":{"line":4,"column":22},"end":{"line":42,"column":1}},"line":4},"1":{"name":"(anonymous_1)","decl":{"start":{"line":9,"column":34},"end":{"line":9,"column":35}},"loc":{"start":{"line":9,"column":45},"end":{"line":9,"column":61}},"line":9}},"branchMap":{"0":{"loc":{"start":{"line":21,"column":21},"end":{"line":21,"column":57}},"type":"cond-expr","locations":[{"start":{"line":21,"column":32},"end":{"line":21,"column":43}},{"start":{"line":21,"column":45},"end":{"line":21,"column":57}}],"line":21}},"s":{"0":1,"1":4,"2":3,"3":6,"4":3},"f":{"0":4,"1":6},"b":{"0":[3,0]},"_coverageSchema":"1a1c01bbd47fc00a2c39e90264f33305004495a9","hash":"2500567ba1753903ebb07c4057d00b402bfe0eea"}
,"/Users/anasim/Desktop/Asif/namaste-react/src/Assignment06/components/Restaurant.js": {"path":"/Users/anasim/Desktop/Asif/namaste-react/src/Assignment06/components/Restaurant.js","statementMap":{"0":{"start":{"line":3,"column":19},"end":{"line":54,"column":1}},"1":{"start":{"line":15,"column":9},"end":{"line":15,"column":14}},"2":{"start":{"line":16,"column":4},"end":{"line":53,"column":5}},"3":{"start":{"line":56,"column":33},"end":{"line":67,"column":1}},"4":{"start":{"line":58,"column":4},"end":{"line":66,"column":5}},"5":{"start":{"line":60,"column":8},"end":{"line":65,"column":9}}},"fnMap":{"0":{"name":"(anonymous_0)","decl":{"start":{"line":3,"column":19},"end":{"line":3,"column":20}},"loc":{"start":{"line":3,"column":30},"end":{"line":54,"column":1}},"line":3},"1":{"name":"(anonymous_1)","decl":{"start":{"line":56,"column":33},"end":{"line":56,"column":34}},"loc":{"start":{"line":56,"column":49},"end":{"line":67,"column":1}},"line":56},"2":{"name":"(anonymous_2)","decl":{"start":{"line":58,"column":11},"end":{"line":58,"column":12}},"loc":{"start":{"line":58,"column":22},"end":{"line":66,"column":5}},"line":58}},"branchMap":{},"s":{"0":2,"1":0,"2":0,"3":2,"4":6,"5":0},"f":{"0":0,"1":6,"2":0},"b":{},"_coverageSchema":"1a1c01bbd47fc00a2c39e90264f33305004495a9","hash":"5f4dff975ab0df43cb195b85c8ac6cdc2ed6ee9e"}
,"/Users/anasim/Desktop/Asif/namaste-react/src/Assignment06/config/appStore.js": {"path":"/Users/anasim/Desktop/Asif/namaste-react/src/Assignment06/config/appStore.js","statementMap":{"0":{"start":{"line":3,"column":17},"end":{"line":8,"column":2}}},"fnMap":{},"branchMap":{},"s":{"0":1},"f":{},"b":{},"_coverageSchema":"1a1c01bbd47fc00a2c39e90264f33305004495a9","hash":"488fd3bc412452907ffceed94a617ac0550c2dfc"}
}
