TN:
SF:src/Assignment06/components/Body.js
FN:9,(anonymous_0)
FN:36,(anonymous_1)
FN:37,(anonymous_2)
FN:64,(anonymous_3)
FN:69,(anonymous_4)
FN:71,(anonymous_5)
FN:77,(anonymous_6)
FN:78,(anonymous_7)
FN:88,(anonymous_8)
FN:89,(anonymous_9)
FN:101,(anonymous_10)
FNF:11
FNH:3
FNDA:6,(anonymous_0)
FNDA:2,(anonymous_1)
FNDA:2,(anonymous_2)
FNDA:0,(anonymous_3)
FNDA:0,(anonymous_4)
FNDA:0,(anonymous_5)
FNDA:0,(anonymous_6)
FNDA:0,(anonymous_7)
FNDA:0,(anonymous_8)
FNDA:0,(anonymous_9)
FNDA:0,(anonymous_10)
DA:9,1
DA:10,6
DA:11,6
DA:12,6
DA:13,6
DA:14,6
DA:16,6
DA:18,6
DA:36,6
DA:37,2
DA:38,2
DA:39,2
DA:40,2
DA:41,2
DA:42,0
DA:43,0
DA:44,0
DA:45,0
DA:48,2
DA:51,2
DA:55,6
DA:59,6
DA:65,0
DA:66,0
DA:71,0
DA:72,0
DA:78,0
DA:80,0
DA:83,0
DA:84,0
DA:89,0
DA:91,0
DA:95,0
DA:102,0
LF:34
LH:18
BRDA:41,0,0,2
BRDA:41,0,1,0
BRDA:55,1,0,0
BRDA:55,1,1,6
BRDA:59,2,0,6
BRDA:59,2,1,0
BRDA:103,3,0,0
BRDA:103,3,1,0
BRF:8
BRH:3
end_of_record
TN:
SF:src/Assignment06/components/Headers.js
FN:4,(anonymous_0)
FN:9,(anonymous_1)
FNF:2
FNH:2
FNDA:4,(anonymous_0)
FNDA:6,(anonymous_1)
DA:4,1
DA:5,4
DA:9,6
DA:11,3
LF:4
LH:4
BRDA:21,0,0,3
BRDA:21,0,1,0
BRF:2
BRH:1
end_of_record
TN:
SF:src/Assignment06/components/Restaurant.js
FN:3,(anonymous_0)
FN:56,(anonymous_1)
FN:58,(anonymous_2)
FNF:3
FNH:1
FNDA:0,(anonymous_0)
FNDA:6,(anonymous_1)
FNDA:0,(anonymous_2)
DA:3,2
DA:15,0
DA:16,0
DA:56,2
DA:58,6
DA:60,0
LF:6
LH:3
BRF:0
BRH:0
end_of_record
TN:
SF:src/Assignment06/config/appStore.js
FNF:0
FNH:0
DA:3,1
LF:1
LH:1
BRF:0
BRH:0
end_of_record
